<?xml version="1.0" encoding="UTF-8"?>
<!-- Generated by org.testng.reporters.JUnitReportReporter -->
<testsuite skipped="0" hostname="DESKTOP-O2CS8T8" name="Cucumber.AppTest" tests="1" failures="0" timestamp="2021-08-17T23:32:04 CAT" time="0.007" errors="0">
  <testcase name="shouldAnswerWithTrue" time="0.007" classname="Cucumber.AppTest"/>
  <system-out/>
</testsuite> <!-- Cucumber.AppTest -->
